<?xml version="1.0" encoding="UTF-8"?>
<testng-results skipped="0" failed="0" ignored="0" total="1" passed="1">
  <reporter-output>
  </reporter-output>
  <suite name="Default suite" duration-ms="124" started-at="2018-08-26T17:12:33Z" finished-at="2018-08-26T17:12:33Z">
    <groups>
    </groups>
    <test name="Default test" duration-ms="124" started-at="2018-08-26T17:12:33Z" finished-at="2018-08-26T17:12:33Z">
      <class name="pack1.Google">
        <test-method status="PASS" signature="launchBrowser()[pri:0, instance:pack1.Google@100fc185]" name="launchBrowser" duration-ms="31" started-at="2018-08-26T17:12:33Z" finished-at="2018-08-26T17:12:33Z">
          <reporter-output>
          </reporter-output>
        </test-method> <!-- launchBrowser -->
      </class> <!-- pack1.Google -->
    </test> <!-- Default test -->
  </suite> <!-- Default suite -->
</testng-results>
